-------------------------------------------------------------------------------
Test set: TestSuite
-------------------------------------------------------------------------------
Tests run: 6, Failures: 2, Errors: 0, Skipped: 4, Time elapsed: 0.643 s <<< FAILURE! - in TestSuite
Logins.LoginDemoPageTest.startBrowser  Time elapsed: 0.525 s  <<< FAILURE!
org.openqa.selenium.SessionNotCreatedException: 
Could not start a new session. Possible causes are invalid address of the remote server or browser start-up failure.
Build info: version: '4.0.0-beta-1', revision: '9c03156c2b'
System info: host: 'darkstar', ip: '127.0.1.1', os.name: 'Linux', os.arch: 'amd64', os.version: '5.8.0-43-generic', java.version: '11.0.10'
Driver info: org.openqa.selenium.remote.RemoteWebDriver
Command: [null, newSession {desiredCapabilities=Capabilities {browserName: chrome, chrome: chrome, goog:chromeOptions: {args: [], extensions: []}}}]
Capabilities {}
	at Logins.LoginDemoPageTest.startBrowser(LoginDemoPageTest.java:14)
Caused by: java.io.UncheckedIOException: java.net.ConnectException: Connection refused: localhost/127.0.0.1:4444
	at Logins.LoginDemoPageTest.startBrowser(LoginDemoPageTest.java:14)
Caused by: java.net.ConnectException: Connection refused: localhost/127.0.0.1:4444
Caused by: io.netty.channel.AbstractChannel$AnnotatedConnectException: Connection refused: localhost/127.0.0.1:4444
Caused by: java.net.ConnectException: Connection refused

ProductsTest.CheckNumberOfProductsTest.navigateToAvailableProducts  Time elapsed: 0.022 s  <<< FAILURE!
org.openqa.selenium.SessionNotCreatedException: 
Could not start a new session. Possible causes are invalid address of the remote server or browser start-up failure.
Build info: version: '4.0.0-beta-1', revision: '9c03156c2b'
System info: host: 'darkstar', ip: '127.0.1.1', os.name: 'Linux', os.arch: 'amd64', os.version: '5.8.0-43-generic', java.version: '11.0.10'
Driver info: org.openqa.selenium.remote.RemoteWebDriver
Command: [null, newSession {desiredCapabilities=Capabilities {browserName: chrome, chrome: chrome, goog:chromeOptions: {args: [], extensions: []}}}]
Capabilities {}
	at ProductsTest.CheckNumberOfProductsTest.navigateToAvailableProducts(CheckNumberOfProductsTest.java:15)
Caused by: java.io.UncheckedIOException: java.net.ConnectException: Connection refused: localhost/127.0.0.1:4444
	at ProductsTest.CheckNumberOfProductsTest.navigateToAvailableProducts(CheckNumberOfProductsTest.java:15)
Caused by: java.net.ConnectException: Connection refused: localhost/127.0.0.1:4444
Caused by: io.netty.channel.AbstractChannel$AnnotatedConnectException: Connection refused: localhost/127.0.0.1:4444
Caused by: java.net.ConnectException: Connection refused

